<testsuites id="" name="" tests="4018" failures="0" skipped="4018" errors="0" time="0.637309">
<testsuite name="accessibility\form-accessibility.spec.js" timestamp="2025-09-12T10:51:58.299Z" hostname="chromium" tests="14" failures="0" skipped="14" time="0" errors="0">
<testcase name="Form Accessibility Tests › Registration Form Accessibility @accessibility @forms @registration › should have accessible registration form" classname="accessibility\form-accessibility.spec.js" time="0">
<skipped>
</skipped>
</testcase>
<testcase name="Form Accessibility Tests › Registration Form Accessibility @accessibility @forms @registration › should provide accessible form validation" classname="accessibility\form-accessibility.spec.js" time="0">
<skipped>
</skipped>
</testcase>
<testcase name="Form Accessibility Tests › Registration Form Accessibility @accessibility @forms @registration › should support keyboard navigation in registration form" classname="accessibility\form-accessibility.spec.js" time="0">
<skipped>
</skipped>
</testcase>
<testcase name="Form Accessibility Tests › Registration Form Accessibility @accessibility @forms @registration › should provide helpful form instructions" classname="accessibility\form-accessibility.spec.js" time="0">
<skipped>
</skipped>
</testcase>
<testcase name="Form Accessibility Tests › Login Form Accessibility @accessibility @forms @login › should have accessible login form" classname="accessibility\form-accessibility.spec.js" time="0">
<skipped>
</skipped>
</testcase>
<testcase name="Form Accessibility Tests › Login Form Accessibility @accessibility @forms @login › should handle login errors accessibly" classname="accessibility\form-accessibility.spec.js" time="0">
<skipped>
</skipped>
</testcase>
<testcase name="Form Accessibility Tests › Login Form Accessibility @accessibility @forms @login › should support password visibility toggle" classname="accessibility\form-accessibility.spec.js" time="0">
<skipped>
</skipped>
</testcase>
<testcase name="Form Accessibility Tests › Search Form Accessibility @accessibility @forms @search › should have accessible search form" classname="accessibility\form-accessibility.spec.js" time="0">
<skipped>
</skipped>
</testcase>
<testcase name="Form Accessibility Tests › Search Form Accessibility @accessibility @forms @search › should have accessible advanced search form" classname="accessibility\form-accessibility.spec.js" time="0">
<skipped>
</skipped>
</testcase>
<testcase name="Form Accessibility Tests › Search Form Accessibility @accessibility @forms @search › should provide accessible search suggestions" classname="accessibility\form-accessibility.spec.js" time="0">
<skipped>
</skipped>
</testcase>
<testcase name="Form Accessibility Tests › Search Form Accessibility @accessibility @forms @search › should handle search form validation accessibly" classname="accessibility\form-accessibility.spec.js" time="0">
<skipped>
</skipped>
</testcase>
<testcase name="Form Accessibility Tests › Form Error Recovery @accessibility @forms @errors › should provide clear error recovery instructions" classname="accessibility\form-accessibility.spec.js" time="0">
<skipped>
</skipped>
</testcase>
<testcase name="Form Accessibility Tests › Form Error Recovery @accessibility @forms @errors › should maintain form data during error correction" classname="accessibility\form-accessibility.spec.js" time="0">
<skipped>
</skipped>
</testcase>
<testcase name="Form Accessibility Tests › Form Error Recovery @accessibility @forms @errors › should clear errors when corrected" classname="accessibility\form-accessibility.spec.js" time="0">
<skipped>
</skipped>
</testcase>
</testsuite>
<testsuite name="accessibility\wcag-compliance.spec.js" timestamp="2025-09-12T10:51:58.299Z" hostname="chromium" tests="21" failures="0" skipped="21" time="0" errors="0">
<testcase name="WCAG Compliance Tests › Automated Accessibility Testing @accessibility @axe › should pass axe accessibility tests on main pages" classname="accessibility\wcag-compliance.spec.js" time="0">
<skipped>
</skipped>
</testcase>
<testcase name="WCAG Compliance Tests › Automated Accessibility Testing @accessibility @axe › should pass axe tests on search results page" classname="accessibility\wcag-compliance.spec.js" time="0">
<skipped>
</skipped>
</testcase>
<testcase name="WCAG Compliance Tests › Automated Accessibility Testing @accessibility @axe › should pass axe tests on forms and interactive elements" classname="accessibility\wcag-compliance.spec.js" time="0">
<skipped>
</skipped>
</testcase>
<testcase name="WCAG Compliance Tests › Automated Accessibility Testing @accessibility @axe › should pass axe tests with custom rules" classname="accessibility\wcag-compliance.spec.js" time="0">
<skipped>
</skipped>
</testcase>
<testcase name="WCAG Compliance Tests › Automated Accessibility Testing @accessibility @axe › should handle dynamic content accessibility" classname="accessibility\wcag-compliance.spec.js" time="0">
<skipped>
</skipped>
</testcase>
<testcase name="WCAG Compliance Tests › Keyboard Navigation Tests @accessibility @keyboard › should support full keyboard navigation" classname="accessibility\wcag-compliance.spec.js" time="0">
<skipped>
</skipped>
</testcase>
<testcase name="WCAG Compliance Tests › Keyboard Navigation Tests @accessibility @keyboard › should handle keyboard shortcuts correctly" classname="accessibility\wcag-compliance.spec.js" time="0">
<skipped>
</skipped>
</testcase>
<testcase name="WCAG Compliance Tests › Keyboard Navigation Tests @accessibility @keyboard › should provide proper focus management" classname="accessibility\wcag-compliance.spec.js" time="0">
<skipped>
</skipped>
</testcase>
<testcase name="WCAG Compliance Tests › Keyboard Navigation Tests @accessibility @keyboard › should handle modal keyboard navigation" classname="accessibility\wcag-compliance.spec.js" time="0">
<skipped>
</skipped>
</testcase>
<testcase name="WCAG Compliance Tests › Keyboard Navigation Tests @accessibility @keyboard › should support arrow key navigation in lists" classname="accessibility\wcag-compliance.spec.js" time="0">
<skipped>
</skipped>
</testcase>
<testcase name="WCAG Compliance Tests › Screen Reader Compatibility @accessibility @screenreader › should provide proper ARIA labels and descriptions" classname="accessibility\wcag-compliance.spec.js" time="0">
<skipped>
</skipped>
</testcase>
<testcase name="WCAG Compliance Tests › Screen Reader Compatibility @accessibility @screenreader › should provide proper heading structure" classname="accessibility\wcag-compliance.spec.js" time="0">
<skipped>
</skipped>
</testcase>
<testcase name="WCAG Compliance Tests › Screen Reader Compatibility @accessibility @screenreader › should provide proper form labels and descriptions" classname="accessibility\wcag-compliance.spec.js" time="0">
<skipped>
</skipped>
</testcase>
<testcase name="WCAG Compliance Tests › Screen Reader Compatibility @accessibility @screenreader › should announce dynamic content changes" classname="accessibility\wcag-compliance.spec.js" time="0">
<skipped>
</skipped>
</testcase>
<testcase name="WCAG Compliance Tests › Screen Reader Compatibility @accessibility @screenreader › should provide proper table accessibility" classname="accessibility\wcag-compliance.spec.js" time="0">
<skipped>
</skipped>
</testcase>
<testcase name="WCAG Compliance Tests › Color and Contrast Tests @accessibility @contrast › should meet WCAG color contrast requirements" classname="accessibility\wcag-compliance.spec.js" time="0">
<skipped>
</skipped>
</testcase>
<testcase name="WCAG Compliance Tests › Color and Contrast Tests @accessibility @contrast › should be usable without color alone" classname="accessibility\wcag-compliance.spec.js" time="0">
<skipped>
</skipped>
</testcase>
<testcase name="WCAG Compliance Tests › Color and Contrast Tests @accessibility @contrast › should support high contrast mode" classname="accessibility\wcag-compliance.spec.js" time="0">
<skipped>
</skipped>
</testcase>
<testcase name="WCAG Compliance Tests › Motion and Animation Accessibility @accessibility @motion › should respect reduced motion preferences" classname="accessibility\wcag-compliance.spec.js" time="0">
<skipped>
</skipped>
</testcase>
<testcase name="WCAG Compliance Tests › Motion and Animation Accessibility @accessibility @motion › should provide pause controls for auto-playing content" classname="accessibility\wcag-compliance.spec.js" time="0">
<skipped>
</skipped>
</testcase>
<testcase name="WCAG Compliance Tests › Motion and Animation Accessibility @accessibility @motion › should not trigger seizures with flashing content" classname="accessibility\wcag-compliance.spec.js" time="0">
<skipped>
</skipped>
</testcase>
</testsuite>
<testsuite name="api\api-integration.spec.js" timestamp="2025-09-12T10:51:58.299Z" hostname="chromium" tests="23" failures="0" skipped="23" time="0" errors="0">
<testcase name="API Integration Tests › Authentication API Integration @api @auth › should register user via API" classname="api\api-integration.spec.js" time="0">
<skipped>
</skipped>
</testcase>
<testcase name="API Integration Tests › Authentication API Integration @api @auth › should login user via API" classname="api\api-integration.spec.js" time="0">
<skipped>
</skipped>
</testcase>
<testcase name="API Integration Tests › Authentication API Integration @api @auth › should handle authentication errors correctly" classname="api\api-integration.spec.js" time="0">
<skipped>
</skipped>
</testcase>
<testcase name="API Integration Tests › Authentication API Integration @api @auth › should handle rate limiting" classname="api\api-integration.spec.js" time="0">
<skipped>
</skipped>
</testcase>
<testcase name="API Integration Tests › Authentication API Integration @api @auth › should validate user profile API" classname="api\api-integration.spec.js" time="0">
<skipped>
</skipped>
</testcase>
<testcase name="API Integration Tests › Search API Integration @api @search › should perform basic search via API" classname="api\api-integration.spec.js" time="0">
<skipped>
</skipped>
</testcase>
<testcase name="API Integration Tests › Search API Integration @api @search › should validate search parameters" classname="api\api-integration.spec.js" time="0">
<skipped>
</skipped>
</testcase>
<testcase name="API Integration Tests › Search API Integration @api @search › should handle search status API" classname="api\api-integration.spec.js" time="0">
<skipped>
</skipped>
</testcase>
<testcase name="API Integration Tests › Search API Integration @api @search › should handle search results API" classname="api\api-integration.spec.js" time="0">
<skipped>
</skipped>
</testcase>
<testcase name="API Integration Tests › Search API Integration @api @search › should handle fuzzy search API" classname="api\api-integration.spec.js" time="0">
<skipped>
</skipped>
</testcase>
<testcase name="API Integration Tests › Repository API Integration @api @repository › should list repositories via API" classname="api\api-integration.spec.js" time="0">
<skipped>
</skipped>
</testcase>
<testcase name="API Integration Tests › Repository API Integration @api @repository › should get repository info via API" classname="api\api-integration.spec.js" time="0">
<skipped>
</skipped>
</testcase>
<testcase name="API Integration Tests › Repository API Integration @api @repository › should validate repository paths" classname="api\api-integration.spec.js" time="0">
<skipped>
</skipped>
</testcase>
<testcase name="API Integration Tests › API Error Handling @api @error › should handle unauthorized requests" classname="api\api-integration.spec.js" time="0">
<skipped>
</skipped>
</testcase>
<testcase name="API Integration Tests › API Error Handling @api @error › should handle invalid JSON payloads" classname="api\api-integration.spec.js" time="0">
<skipped>
</skipped>
</testcase>
<testcase name="API Integration Tests › API Error Handling @api @error › should handle missing required fields" classname="api\api-integration.spec.js" time="0">
<skipped>
</skipped>
</testcase>
<testcase name="API Integration Tests › API Error Handling @api @error › should handle server errors gracefully" classname="api\api-integration.spec.js" time="0">
<skipped>
</skipped>
</testcase>
<testcase name="API Integration Tests › API Error Handling @api @error › should handle network timeouts" classname="api\api-integration.spec.js" time="0">
<skipped>
</skipped>
</testcase>
<testcase name="API Integration Tests › API Error Handling @api @error › should handle malformed responses" classname="api\api-integration.spec.js" time="0">
<skipped>
</skipped>
</testcase>
<testcase name="API Integration Tests › API Security Tests @api @security › should prevent SQL injection in search queries" classname="api\api-integration.spec.js" time="0">
<skipped>
</skipped>
</testcase>
<testcase name="API Integration Tests › API Security Tests @api @security › should validate input lengths" classname="api\api-integration.spec.js" time="0">
<skipped>
</skipped>
</testcase>
<testcase name="API Integration Tests › API Security Tests @api @security › should prevent XSS in API responses" classname="api\api-integration.spec.js" time="0">
<skipped>
</skipped>
</testcase>
<testcase name="API Integration Tests › API Security Tests @api @security › should enforce CORS policies" classname="api\api-integration.spec.js" time="0">
<skipped>
</skipped>
</testcase>
</testsuite>
<testsuite name="api\api-performance.spec.js" timestamp="2025-09-12T10:51:58.299Z" hostname="chromium" tests="10" failures="0" skipped="10" time="0" errors="0">
<testcase name="API Performance Tests › API Response Time Tests @api @performance @timing › should have fast authentication response times" classname="api\api-performance.spec.js" time="0">
<skipped>
</skipped>
</testcase>
<testcase name="API Performance Tests › API Response Time Tests @api @performance @timing › should have reasonable search API response times" classname="api\api-performance.spec.js" time="0">
<skipped>
</skipped>
</testcase>
<testcase name="API Performance Tests › API Response Time Tests @api @performance @timing › should handle concurrent API requests efficiently" classname="api\api-performance.spec.js" time="0">
<skipped>
</skipped>
</testcase>
<testcase name="API Performance Tests › API Response Time Tests @api @performance @timing › should maintain performance with large payloads" classname="api\api-performance.spec.js" time="0">
<skipped>
</skipped>
</testcase>
<testcase name="API Performance Tests › API Throughput Tests @api @performance @throughput › should handle sustained API load" classname="api\api-performance.spec.js" time="0">
<skipped>
</skipped>
</testcase>
<testcase name="API Performance Tests › API Throughput Tests @api @performance @throughput › should handle burst traffic patterns" classname="api\api-performance.spec.js" time="0">
<skipped>
</skipped>
</testcase>
<testcase name="API Performance Tests › API Throughput Tests @api @performance @throughput › should scale with increasing load" classname="api\api-performance.spec.js" time="0">
<skipped>
</skipped>
</testcase>
<testcase name="API Performance Tests › API Resource Usage Tests @api @performance @resources › should handle memory-intensive operations" classname="api\api-performance.spec.js" time="0">
<skipped>
</skipped>
</testcase>
<testcase name="API Performance Tests › API Resource Usage Tests @api @performance @resources › should handle CPU-intensive search patterns" classname="api\api-performance.spec.js" time="0">
<skipped>
</skipped>
</testcase>
<testcase name="API Performance Tests › API Resource Usage Tests @api @performance @resources › should handle network bandwidth efficiently" classname="api\api-performance.spec.js" time="0">
<skipped>
</skipped>
</testcase>
</testsuite>
<testsuite name="auth\auth-api-integration.spec.js" timestamp="2025-09-12T10:51:58.299Z" hostname="chromium" tests="17" failures="0" skipped="17" time="0" errors="0">
<testcase name="Authentication API Integration Tests › Registration API @auth @api › should call registration API with correct payload" classname="auth\auth-api-integration.spec.js" time="0">
<skipped>
</skipped>
</testcase>
<testcase name="Authentication API Integration Tests › Registration API @auth @api › should handle registration API errors correctly" classname="auth\auth-api-integration.spec.js" time="0">
<skipped>
</skipped>
</testcase>
<testcase name="Authentication API Integration Tests › Registration API @auth @api › should include proper headers in registration request" classname="auth\auth-api-integration.spec.js" time="0">
<skipped>
</skipped>
</testcase>
<testcase name="Authentication API Integration Tests › Login API @auth @api › should call login API with correct credentials" classname="auth\auth-api-integration.spec.js" time="0">
<skipped>
</skipped>
</testcase>
<testcase name="Authentication API Integration Tests › Login API @auth @api › should store authentication tokens correctly" classname="auth\auth-api-integration.spec.js" time="0">
<skipped>
</skipped>
</testcase>
<testcase name="Authentication API Integration Tests › Login API @auth @api › should handle login API errors appropriately" classname="auth\auth-api-integration.spec.js" time="0">
<skipped>
</skipped>
</testcase>
<testcase name="Authentication API Integration Tests › Login API @auth @api › should include authentication headers in subsequent requests" classname="auth\auth-api-integration.spec.js" time="0">
<skipped>
</skipped>
</testcase>
<testcase name="Authentication API Integration Tests › Token Management @auth @api › should refresh tokens automatically when expired" classname="auth\auth-api-integration.spec.js" time="0">
<skipped>
</skipped>
</testcase>
<testcase name="Authentication API Integration Tests › Token Management @auth @api › should handle token refresh failures" classname="auth\auth-api-integration.spec.js" time="0">
<skipped>
</skipped>
</testcase>
<testcase name="Authentication API Integration Tests › Token Management @auth @api › should clear tokens on logout" classname="auth\auth-api-integration.spec.js" time="0">
<skipped>
</skipped>
</testcase>
<testcase name="Authentication API Integration Tests › API Error Handling @auth @api @error › should handle network errors gracefully" classname="auth\auth-api-integration.spec.js" time="0">
<skipped>
</skipped>
</testcase>
<testcase name="Authentication API Integration Tests › API Error Handling @auth @api @error › should handle API rate limiting" classname="auth\auth-api-integration.spec.js" time="0">
<skipped>
</skipped>
</testcase>
<testcase name="Authentication API Integration Tests › API Error Handling @auth @api @error › should handle API maintenance mode" classname="auth\auth-api-integration.spec.js" time="0">
<skipped>
</skipped>
</testcase>
<testcase name="Authentication API Integration Tests › API Error Handling @auth @api @error › should validate API response format" classname="auth\auth-api-integration.spec.js" time="0">
<skipped>
</skipped>
</testcase>
<testcase name="Authentication API Integration Tests › API Security @auth @api @security › should not expose sensitive data in API requests" classname="auth\auth-api-integration.spec.js" time="0">
<skipped>
</skipped>
</testcase>
<testcase name="Authentication API Integration Tests › API Security @auth @api @security › should use HTTPS for authentication requests" classname="auth\auth-api-integration.spec.js" time="0">
<skipped>
</skipped>
</testcase>
<testcase name="Authentication API Integration Tests › API Security @auth @api @security › should include CSRF protection" classname="auth\auth-api-integration.spec.js" time="0">
<skipped>
</skipped>
</testcase>
</testsuite>
<testsuite name="auth\authentication.spec.js" timestamp="2025-09-12T10:51:58.299Z" hostname="chromium" tests="36" failures="0" skipped="36" time="0" errors="0">
<testcase name="Authentication Flow Tests › User Registration @auth @smoke › should successfully register a new user" classname="auth\authentication.spec.js" time="0">
<skipped>
</skipped>
</testcase>
<testcase name="Authentication Flow Tests › User Registration @auth @smoke › should show validation errors for empty registration form" classname="auth\authentication.spec.js" time="0">
<skipped>
</skipped>
</testcase>
<testcase name="Authentication Flow Tests › User Registration @auth @smoke › should show error for password mismatch" classname="auth\authentication.spec.js" time="0">
<skipped>
</skipped>
</testcase>
<testcase name="Authentication Flow Tests › User Registration @auth @smoke › should reject duplicate username registration" classname="auth\authentication.spec.js" time="0">
<skipped>
</skipped>
</testcase>
<testcase name="Authentication Flow Tests › User Registration @auth @smoke › should validate email format" classname="auth\authentication.spec.js" time="0">
<skipped>
</skipped>
</testcase>
<testcase name="Authentication Flow Tests › User Registration @auth @smoke › should enforce password strength requirements" classname="auth\authentication.spec.js" time="0">
<skipped>
</skipped>
</testcase>
<testcase name="Authentication Flow Tests › User Login @auth @smoke › should successfully login with valid credentials" classname="auth\authentication.spec.js" time="0">
<skipped>
</skipped>
</testcase>
<testcase name="Authentication Flow Tests › User Login @auth @smoke › should reject invalid username" classname="auth\authentication.spec.js" time="0">
<skipped>
</skipped>
</testcase>
<testcase name="Authentication Flow Tests › User Login @auth @smoke › should reject invalid password" classname="auth\authentication.spec.js" time="0">
<skipped>
</skipped>
</testcase>
<testcase name="Authentication Flow Tests › User Login @auth @smoke › should show validation errors for empty login form" classname="auth\authentication.spec.js" time="0">
<skipped>
</skipped>
</testcase>
<testcase name="Authentication Flow Tests › User Login @auth @smoke › should handle case-sensitive username correctly" classname="auth\authentication.spec.js" time="0">
<skipped>
</skipped>
</testcase>
<testcase name="Authentication Flow Tests › User Login @auth @smoke › should trim whitespace from username" classname="auth\authentication.spec.js" time="0">
<skipped>
</skipped>
</testcase>
<testcase name="Authentication Flow Tests › User Logout @auth › should successfully logout user" classname="auth\authentication.spec.js" time="0">
<skipped>
</skipped>
</testcase>
<testcase name="Authentication Flow Tests › User Logout @auth › should redirect to login page after logout" classname="auth\authentication.spec.js" time="0">
<skipped>
</skipped>
</testcase>
<testcase name="Authentication Flow Tests › Session Management @auth › should persist session across page reloads" classname="auth\authentication.spec.js" time="0">
<skipped>
</skipped>
</testcase>
<testcase name="Authentication Flow Tests › Session Management @auth › should handle session expiration gracefully" classname="auth\authentication.spec.js" time="0">
<skipped>
</skipped>
</testcase>
<testcase name="Authentication Flow Tests › Session Management @auth › should refresh token automatically" classname="auth\authentication.spec.js" time="0">
<skipped>
</skipped>
</testcase>
<testcase name="Authentication Flow Tests › Password Management @auth › should successfully change password" classname="auth\authentication.spec.js" time="0">
<skipped>
</skipped>
</testcase>
<testcase name="Authentication Flow Tests › Password Management @auth › should reject incorrect current password" classname="auth\authentication.spec.js" time="0">
<skipped>
</skipped>
</testcase>
<testcase name="Authentication Flow Tests › Password Management @auth › should enforce password strength on change" classname="auth\authentication.spec.js" time="0">
<skipped>
</skipped>
</testcase>
<testcase name="Authentication Flow Tests › Role-Based Access Control @auth › should allow admin access to admin panel" classname="auth\authentication.spec.js" time="0">
<skipped>
</skipped>
</testcase>
<testcase name="Authentication Flow Tests › Role-Based Access Control @auth › should deny admin access to regular users" classname="auth\authentication.spec.js" time="0">
<skipped>
</skipped>
</testcase>
<testcase name="Authentication Flow Tests › Security Tests @auth @security › should prevent SQL injection in login" classname="auth\authentication.spec.js" time="0">
<skipped>
</skipped>
</testcase>
<testcase name="Authentication Flow Tests › Security Tests @auth @security › should prevent XSS in registration" classname="auth\authentication.spec.js" time="0">
<skipped>
</skipped>
</testcase>
<testcase name="Authentication Flow Tests › Security Tests @auth @security › should implement rate limiting for login attempts" classname="auth\authentication.spec.js" time="0">
<skipped>
</skipped>
</testcase>
<testcase name="Authentication Flow Tests › Security Tests @auth @security › should handle concurrent login attempts" classname="auth\authentication.spec.js" time="0">
<skipped>
</skipped>
</testcase>
<testcase name="Authentication Flow Tests › Security Tests @auth @security › should protect against CSRF attacks" classname="auth\authentication.spec.js" time="0">
<skipped>
</skipped>
</testcase>
<testcase name="Authentication Flow Tests › Security Tests @auth @security › should enforce secure password policies" classname="auth\authentication.spec.js" time="0">
<skipped>
</skipped>
</testcase>
<testcase name="Authentication Flow Tests › Security Tests @auth @security › should handle account lockout after failed attempts" classname="auth\authentication.spec.js" time="0">
<skipped>
</skipped>
</testcase>
<testcase name="Authentication Flow Tests › Edge Cases and Error Handling @auth @edge-cases › should handle extremely long usernames" classname="auth\authentication.spec.js" time="0">
<skipped>
</skipped>
</testcase>
<testcase name="Authentication Flow Tests › Edge Cases and Error Handling @auth @edge-cases › should handle special characters in usernames" classname="auth\authentication.spec.js" time="0">
<skipped>
</skipped>
</testcase>
<testcase name="Authentication Flow Tests › Edge Cases and Error Handling @auth @edge-cases › should handle network timeouts gracefully" classname="auth\authentication.spec.js" time="0">
<skipped>
</skipped>
</testcase>
<testcase name="Authentication Flow Tests › Edge Cases and Error Handling @auth @edge-cases › should handle server errors gracefully" classname="auth\authentication.spec.js" time="0">
<skipped>
</skipped>
</testcase>
<testcase name="Authentication Flow Tests › Edge Cases and Error Handling @auth @edge-cases › should handle malformed server responses" classname="auth\authentication.spec.js" time="0">
<skipped>
</skipped>
</testcase>
<testcase name="Authentication Flow Tests › Edge Cases and Error Handling @auth @edge-cases › should handle browser back/forward navigation" classname="auth\authentication.spec.js" time="0">
<skipped>
</skipped>
</testcase>
<testcase name="Authentication Flow Tests › Edge Cases and Error Handling @auth @edge-cases › should handle multiple tabs/windows" classname="auth\authentication.spec.js" time="0">
<skipped>
</skipped>
</testcase>
</testsuite>
<testsuite name="auth\user-management.spec.js" timestamp="2025-09-12T10:51:58.299Z" hostname="chromium" tests="22" failures="0" skipped="22" time="0" errors="0">
<testcase name="User Management Tests › User Profile Management @auth @profile › should display user profile information" classname="auth\user-management.spec.js" time="0">
<skipped>
</skipped>
</testcase>
<testcase name="User Management Tests › User Profile Management @auth @profile › should allow updating profile information" classname="auth\user-management.spec.js" time="0">
<skipped>
</skipped>
</testcase>
<testcase name="User Management Tests › User Profile Management @auth @profile › should validate email format in profile update" classname="auth\user-management.spec.js" time="0">
<skipped>
</skipped>
</testcase>
<testcase name="User Management Tests › User Profile Management @auth @profile › should prevent duplicate email addresses" classname="auth\user-management.spec.js" time="0">
<skipped>
</skipped>
</testcase>
<testcase name="User Management Tests › Account Settings @auth @settings › should allow changing notification preferences" classname="auth\user-management.spec.js" time="0">
<skipped>
</skipped>
</testcase>
<testcase name="User Management Tests › Account Settings @auth @settings › should allow changing privacy settings" classname="auth\user-management.spec.js" time="0">
<skipped>
</skipped>
</testcase>
<testcase name="User Management Tests › Account Settings @auth @settings › should allow setting search preferences" classname="auth\user-management.spec.js" time="0">
<skipped>
</skipped>
</testcase>
<testcase name="User Management Tests › Account Security @auth @security › should show login history" classname="auth\user-management.spec.js" time="0">
<skipped>
</skipped>
</testcase>
<testcase name="User Management Tests › Account Security @auth @security › should allow enabling two-factor authentication" classname="auth\user-management.spec.js" time="0">
<skipped>
</skipped>
</testcase>
<testcase name="User Management Tests › Account Security @auth @security › should allow disabling two-factor authentication" classname="auth\user-management.spec.js" time="0">
<skipped>
</skipped>
</testcase>
<testcase name="User Management Tests › Account Security @auth @security › should show active sessions" classname="auth\user-management.spec.js" time="0">
<skipped>
</skipped>
</testcase>
<testcase name="User Management Tests › Account Security @auth @security › should allow terminating other sessions" classname="auth\user-management.spec.js" time="0">
<skipped>
</skipped>
</testcase>
<testcase name="User Management Tests › Account Deletion @auth @deletion › should allow requesting account deletion" classname="auth\user-management.spec.js" time="0">
<skipped>
</skipped>
</testcase>
<testcase name="User Management Tests › Account Deletion @auth @deletion › should require password confirmation for deletion" classname="auth\user-management.spec.js" time="0">
<skipped>
</skipped>
</testcase>
<testcase name="User Management Tests › Account Deletion @auth @deletion › should allow canceling account deletion" classname="auth\user-management.spec.js" time="0">
<skipped>
</skipped>
</testcase>
<testcase name="User Management Tests › Account Deletion @auth @deletion › should export user data before deletion" classname="auth\user-management.spec.js" time="0">
<skipped>
</skipped>
</testcase>
<testcase name="User Management Tests › Admin User Management @auth @admin › should display user management dashboard" classname="auth\user-management.spec.js" time="0">
<skipped>
</skipped>
</testcase>
<testcase name="User Management Tests › Admin User Management @auth @admin › should allow creating new users" classname="auth\user-management.spec.js" time="0">
<skipped>
</skipped>
</testcase>
<testcase name="User Management Tests › Admin User Management @auth @admin › should allow editing user information" classname="auth\user-management.spec.js" time="0">
<skipped>
</skipped>
</testcase>
<testcase name="User Management Tests › Admin User Management @auth @admin › should allow activating/deactivating users" classname="auth\user-management.spec.js" time="0">
<skipped>
</skipped>
</testcase>
<testcase name="User Management Tests › Admin User Management @auth @admin › should allow deleting users" classname="auth\user-management.spec.js" time="0">
<skipped>
</skipped>
</testcase>
<testcase name="User Management Tests › Admin User Management @auth @admin › should allow searching and filtering users" classname="auth\user-management.spec.js" time="0">
<skipped>
</skipped>
</testcase>
</testsuite>
<testsuite name="error-handling\api-errors.spec.js" timestamp="2025-09-12T10:51:58.299Z" hostname="chromium" tests="11" failures="0" skipped="11" time="0" errors="0">
<testcase name="API Error Handling Tests › Authentication API Errors @error @api @auth › should handle login API 500 errors" classname="error-handling\api-errors.spec.js" time="0">
<skipped>
</skipped>
</testcase>
<testcase name="API Error Handling Tests › Authentication API Errors @error @api @auth › should handle registration API 400 errors" classname="error-handling\api-errors.spec.js" time="0">
<skipped>
</skipped>
</testcase>
<testcase name="API Error Handling Tests › Authentication API Errors @error @api @auth › should handle authentication token expiry" classname="error-handling\api-errors.spec.js" time="0">
<skipped>
</skipped>
</testcase>
<testcase name="API Error Handling Tests › Search API Errors @error @api @search › should handle search API timeout" classname="error-handling\api-errors.spec.js" time="0">
<skipped>
</skipped>
</testcase>
<testcase name="API Error Handling Tests › Search API Errors @error @api @search › should handle malformed search API response" classname="error-handling\api-errors.spec.js" time="0">
<skipped>
</skipped>
</testcase>
<testcase name="API Error Handling Tests › Search API Errors @error @api @search › should handle search API rate limiting" classname="error-handling\api-errors.spec.js" time="0">
<skipped>
</skipped>
</testcase>
<testcase name="API Error Handling Tests › Export API Errors @error @api @export › should handle export API failures" classname="error-handling\api-errors.spec.js" time="0">
<skipped>
</skipped>
</testcase>
<testcase name="API Error Handling Tests › WebSocket Errors @error @websocket › should handle WebSocket connection failures" classname="error-handling\api-errors.spec.js" time="0">
<skipped>
</skipped>
</testcase>
<testcase name="API Error Handling Tests › Edge Case Errors @error @edge-cases › should handle empty API responses" classname="error-handling\api-errors.spec.js" time="0">
<skipped>
</skipped>
</testcase>
<testcase name="API Error Handling Tests › Edge Case Errors @error @edge-cases › should handle very large error responses" classname="error-handling\api-errors.spec.js" time="0">
<skipped>
</skipped>
</testcase>
<testcase name="API Error Handling Tests › Edge Case Errors @error @edge-cases › should handle concurrent error scenarios" classname="error-handling\api-errors.spec.js" time="0">
<skipped>
</skipped>
</testcase>
</testsuite>
<testsuite name="error-handling\form-validation-errors.spec.js" timestamp="2025-09-12T10:51:58.299Z" hostname="chromium" tests="15" failures="0" skipped="15" time="0" errors="0">
<testcase name="Form Validation and UI Error Tests › Login Form Validation @error @validation @login › should show validation errors for empty login form" classname="error-handling\form-validation-errors.spec.js" time="0">
<skipped>
</skipped>
</testcase>
<testcase name="Form Validation and UI Error Tests › Login Form Validation @error @validation @login › should show validation error for invalid username format" classname="error-handling\form-validation-errors.spec.js" time="0">
<skipped>
</skipped>
</testcase>
<testcase name="Form Validation and UI Error Tests › Login Form Validation @error @validation @login › should show validation error for weak password" classname="error-handling\form-validation-errors.spec.js" time="0">
<skipped>
</skipped>
</testcase>
<testcase name="Form Validation and UI Error Tests › Registration Form Validation @error @validation @registration › should show validation errors for empty registration form" classname="error-handling\form-validation-errors.spec.js" time="0">
<skipped>
</skipped>
</testcase>
<testcase name="Form Validation and UI Error Tests › Registration Form Validation @error @validation @registration › should show validation error for invalid email format" classname="error-handling\form-validation-errors.spec.js" time="0">
<skipped>
</skipped>
</testcase>
<testcase name="Form Validation and UI Error Tests › Registration Form Validation @error @validation @registration › should show validation error for password mismatch" classname="error-handling\form-validation-errors.spec.js" time="0">
<skipped>
</skipped>
</testcase>
<testcase name="Form Validation and UI Error Tests › Registration Form Validation @error @validation @registration › should show validation error for username with special characters" classname="error-handling\form-validation-errors.spec.js" time="0">
<skipped>
</skipped>
</testcase>
<testcase name="Form Validation and UI Error Tests › Search Form Validation @error @validation @search › should show validation errors for empty search form" classname="error-handling\form-validation-errors.spec.js" time="0">
<skipped>
</skipped>
</testcase>
<testcase name="Form Validation and UI Error Tests › Search Form Validation @error @validation @search › should show validation error for invalid repository path" classname="error-handling\form-validation-errors.spec.js" time="0">
<skipped>
</skipped>
</testcase>
<testcase name="Form Validation and UI Error Tests › Search Form Validation @error @validation @search › should show validation error for search query that is too short" classname="error-handling\form-validation-errors.spec.js" time="0">
<skipped>
</skipped>
</testcase>
<testcase name="Form Validation and UI Error Tests › Export Form Validation @error @validation @export › should show validation error for invalid export filename" classname="error-handling\form-validation-errors.spec.js" time="0">
<skipped>
</skipped>
</testcase>
<testcase name="Form Validation and UI Error Tests › Export Form Validation @error @validation @export › should show validation error when no fields are selected for export" classname="error-handling\form-validation-errors.spec.js" time="0">
<skipped>
</skipped>
</testcase>
<testcase name="Form Validation and UI Error Tests › Real-time Validation @error @validation @realtime › should show real-time validation for email field" classname="error-handling\form-validation-errors.spec.js" time="0">
<skipped>
</skipped>
</testcase>
<testcase name="Form Validation and UI Error Tests › Real-time Validation @error @validation @realtime › should show real-time validation for password confirmation" classname="error-handling\form-validation-errors.spec.js" time="0">
<skipped>
</skipped>
</testcase>
<testcase name="Form Validation and UI Error Tests › Error Recovery @error @recovery › should allow error recovery after fixing validation issues" classname="error-handling\form-validation-errors.spec.js" time="0">
<skipped>
</skipped>
</testcase>
</testsuite>
<testsuite name="error-handling\network-errors.spec.js" timestamp="2025-09-12T10:51:58.299Z" hostname="chromium" tests="14" failures="0" skipped="14" time="0" errors="0">
<testcase name="Network Error Handling Tests › Connection Failures @error @network @connection › should handle complete network failure gracefully" classname="error-handling\network-errors.spec.js" time="0">
<skipped>
</skipped>
</testcase>
<testcase name="Network Error Handling Tests › Connection Failures @error @network @connection › should handle intermittent connection issues" classname="error-handling\network-errors.spec.js" time="0">
<skipped>
</skipped>
</testcase>
<testcase name="Network Error Handling Tests › Connection Failures @error @network @connection › should handle slow network conditions" classname="error-handling\network-errors.spec.js" time="0">
<skipped>
</skipped>
</testcase>
<testcase name="Network Error Handling Tests › Connection Failures @error @network @connection › should handle DNS resolution failures" classname="error-handling\network-errors.spec.js" time="0">
<skipped>
</skipped>
</testcase>
<testcase name="Network Error Handling Tests › HTTP Error Responses @error @network @http › should handle 500 Internal Server Error" classname="error-handling\network-errors.spec.js" time="0">
<skipped>
</skipped>
</testcase>
<testcase name="Network Error Handling Tests › HTTP Error Responses @error @network @http › should handle 404 Not Found errors" classname="error-handling\network-errors.spec.js" time="0">
<skipped>
</skipped>
</testcase>
<testcase name="Network Error Handling Tests › HTTP Error Responses @error @network @http › should handle 401 Unauthorized errors" classname="error-handling\network-errors.spec.js" time="0">
<skipped>
</skipped>
</testcase>
<testcase name="Network Error Handling Tests › HTTP Error Responses @error @network @http › should handle 403 Forbidden errors" classname="error-handling\network-errors.spec.js" time="0">
<skipped>
</skipped>
</testcase>
<testcase name="Network Error Handling Tests › HTTP Error Responses @error @network @http › should handle 429 Rate Limit errors" classname="error-handling\network-errors.spec.js" time="0">
<skipped>
</skipped>
</testcase>
<testcase name="Network Error Handling Tests › Request Timeout Handling @error @network @timeout › should handle request timeouts gracefully" classname="error-handling\network-errors.spec.js" time="0">
<skipped>
</skipped>
</testcase>
<testcase name="Network Error Handling Tests › Request Timeout Handling @error @network @timeout › should handle partial response timeouts" classname="error-handling\network-errors.spec.js" time="0">
<skipped>
</skipped>
</testcase>
<testcase name="Network Error Handling Tests › Offline Behavior @error @network @offline › should detect offline state" classname="error-handling\network-errors.spec.js" time="0">
<skipped>
</skipped>
</testcase>
<testcase name="Network Error Handling Tests › Offline Behavior @error @network @offline › should handle reconnection" classname="error-handling\network-errors.spec.js" time="0">
<skipped>
</skipped>
</testcase>
<testcase name="Network Error Handling Tests › Offline Behavior @error @network @offline › should cache data for offline use" classname="error-handling\network-errors.spec.js" time="0">
<skipped>
</skipped>
</testcase>
</testsuite>
<testsuite name="export\bulk-export.spec.js" timestamp="2025-09-12T10:51:58.299Z" hostname="chromium" tests="13" failures="0" skipped="13" time="0" errors="0">
<testcase name="Bulk Export Tests › Bulk Selection and Export @export @bulk @selection › should export all search results" classname="export\bulk-export.spec.js" time="0">
<skipped>
</skipped>
</testcase>
<testcase name="Bulk Export Tests › Bulk Selection and Export @export @bulk @selection › should export selected subset of results" classname="export\bulk-export.spec.js" time="0">
<skipped>
</skipped>
</testcase>
<testcase name="Bulk Export Tests › Bulk Selection and Export @export @bulk @selection › should handle bulk export across multiple pages" classname="export\bulk-export.spec.js" time="0">
<skipped>
</skipped>
</testcase>
<testcase name="Bulk Export Tests › Bulk Selection and Export @export @bulk @selection › should maintain selection state during export" classname="export\bulk-export.spec.js" time="0">
<skipped>
</skipped>
</testcase>
<testcase name="Bulk Export Tests › Large Dataset Export @export @bulk @performance › should handle export of large result sets" classname="export\bulk-export.spec.js" time="0">
<skipped>
</skipped>
</testcase>
<testcase name="Bulk Export Tests › Large Dataset Export @export @bulk @performance › should show progress for large exports" classname="export\bulk-export.spec.js" time="0">
<skipped>
</skipped>
</testcase>
<testcase name="Bulk Export Tests › Large Dataset Export @export @bulk @performance › should handle memory efficiently during large exports" classname="export\bulk-export.spec.js" time="0">
<skipped>
</skipped>
</testcase>
<testcase name="Bulk Export Tests › Batch Export Operations @export @bulk @batch › should export multiple formats simultaneously" classname="export\bulk-export.spec.js" time="0">
<skipped>
</skipped>
</testcase>
<testcase name="Bulk Export Tests › Batch Export Operations @export @bulk @batch › should handle concurrent bulk exports" classname="export\bulk-export.spec.js" time="0">
<skipped>
</skipped>
</testcase>
<testcase name="Bulk Export Tests › Batch Export Operations @export @bulk @batch › should queue exports when system is busy" classname="export\bulk-export.spec.js" time="0">
<skipped>
</skipped>
</testcase>
<testcase name="Bulk Export Tests › Export Validation and Quality @export @bulk @validation › should validate exported data integrity" classname="export\bulk-export.spec.js" time="0">
<skipped>
</skipped>
</testcase>
<testcase name="Bulk Export Tests › Export Validation and Quality @export @bulk @validation › should handle special characters in bulk export" classname="export\bulk-export.spec.js" time="0">
<skipped>
</skipped>
</testcase>
<testcase name="Bulk Export Tests › Export Validation and Quality @export @bulk @validation › should maintain consistent export format across batches" classname="export\bulk-export.spec.js" time="0">
<skipped>
</skipped>
</testcase>
</testsuite>
<testsuite name="export\export-functionality.spec.js" timestamp="2025-09-12T10:51:58.299Z" hostname="chromium" tests="26" failures="0" skipped="26" time="0" errors="0">
<testcase name="Export Functionality Tests › JSON Export Tests @export @json › should export search results to JSON format" classname="export\export-functionality.spec.js" time="0">
<skipped>
</skipped>
</testcase>
<testcase name="Export Functionality Tests › JSON Export Tests @export @json › should export with custom field selection in JSON" classname="export\export-functionality.spec.js" time="0">
<skipped>
</skipped>
</testcase>
<testcase name="Export Functionality Tests › JSON Export Tests @export @json › should handle large JSON exports" classname="export\export-functionality.spec.js" time="0">
<skipped>
</skipped>
</testcase>
<testcase name="Export Functionality Tests › JSON Export Tests @export @json › should compress JSON exports when requested" classname="export\export-functionality.spec.js" time="0">
<skipped>
</skipped>
</testcase>
<testcase name="Export Functionality Tests › CSV Export Tests @export @csv › should export search results to CSV format" classname="export\export-functionality.spec.js" time="0">
<skipped>
</skipped>
</testcase>
<testcase name="Export Functionality Tests › CSV Export Tests @export @csv › should handle CSV special characters correctly" classname="export\export-functionality.spec.js" time="0">
<skipped>
</skipped>
</testcase>
<testcase name="Export Functionality Tests › CSV Export Tests @export @csv › should export CSV with custom delimiters" classname="export\export-functionality.spec.js" time="0">
<skipped>
</skipped>
</testcase>
<testcase name="Export Functionality Tests › YAML Export Tests @export @yaml › should export search results to YAML format" classname="export\export-functionality.spec.js" time="0">
<skipped>
</skipped>
</testcase>
<testcase name="Export Functionality Tests › YAML Export Tests @export @yaml › should handle YAML special characters and formatting" classname="export\export-functionality.spec.js" time="0">
<skipped>
</skipped>
</testcase>
<testcase name="Export Functionality Tests › XML Export Tests @export @xml › should export search results to XML format" classname="export\export-functionality.spec.js" time="0">
<skipped>
</skipped>
</testcase>
<testcase name="Export Functionality Tests › XML Export Tests @export @xml › should handle XML special characters correctly" classname="export\export-functionality.spec.js" time="0">
<skipped>
</skipped>
</testcase>
<testcase name="Export Functionality Tests › Export Options and Customization @export @options › should allow custom filename specification" classname="export\export-functionality.spec.js" time="0">
<skipped>
</skipped>
</testcase>
<testcase name="Export Functionality Tests › Export Options and Customization @export @options › should generate automatic filenames" classname="export\export-functionality.spec.js" time="0">
<skipped>
</skipped>
</testcase>
<testcase name="Export Functionality Tests › Export Options and Customization @export @options › should preview export before download" classname="export\export-functionality.spec.js" time="0">
<skipped>
</skipped>
</testcase>
<testcase name="Export Functionality Tests › Export Options and Customization @export @options › should handle export with metadata inclusion" classname="export\export-functionality.spec.js" time="0">
<skipped>
</skipped>
</testcase>
<testcase name="Export Functionality Tests › Export Options and Customization @export @options › should handle export without metadata" classname="export\export-functionality.spec.js" time="0">
<skipped>
</skipped>
</testcase>
<testcase name="Export Functionality Tests › Export Error Handling @export @error › should handle export with no search results" classname="export\export-functionality.spec.js" time="0">
<skipped>
</skipped>
</testcase>
<testcase name="Export Functionality Tests › Export Error Handling @export @error › should handle invalid filename characters" classname="export\export-functionality.spec.js" time="0">
<skipped>
</skipped>
</testcase>
<testcase name="Export Functionality Tests › Export Error Handling @export @error › should handle export cancellation" classname="export\export-functionality.spec.js" time="0">
<skipped>
</skipped>
</testcase>
<testcase name="Export Functionality Tests › Export Error Handling @export @error › should handle export timeout" classname="export\export-functionality.spec.js" time="0">
<skipped>
</skipped>
</testcase>
<testcase name="Export Functionality Tests › Export Error Handling @export @error › should handle server errors during export" classname="export\export-functionality.spec.js" time="0">
<skipped>
</skipped>
</testcase>
<testcase name="Export Functionality Tests › Export Error Handling @export @error › should handle network errors during export" classname="export\export-functionality.spec.js" time="0">
<skipped>
</skipped>
</testcase>
<testcase name="Export Functionality Tests › Export Error Handling @export @error › should retry failed exports" classname="export\export-functionality.spec.js" time="0">
<skipped>
</skipped>
</testcase>
<testcase name="Export Functionality Tests › Export History and Management @export @history › should maintain export history" classname="export\export-functionality.spec.js" time="0">
<skipped>
</skipped>
</testcase>
<testcase name="Export Functionality Tests › Export History and Management @export @history › should allow downloading from export history" classname="export\export-functionality.spec.js" time="0">
<skipped>
</skipped>
</testcase>
<testcase name="Export Functionality Tests › Export History and Management @export @history › should allow deleting export history items" classname="export\export-functionality.spec.js" time="0">
<skipped>
</skipped>
</testcase>
</testsuite>
<testsuite name="performance\benchmark.spec.js" timestamp="2025-09-12T10:51:58.299Z" hostname="chromium" tests="9" failures="0" skipped="9" time="0" errors="0">
<testcase name="Performance Benchmarks › Core Web Vitals @performance @vitals › should meet Core Web Vitals thresholds" classname="performance\benchmark.spec.js" time="0">
<skipped>
</skipped>
</testcase>
<testcase name="Performance Benchmarks › Core Web Vitals @performance @vitals › should have fast First Input Delay" classname="performance\benchmark.spec.js" time="0">
<skipped>
</skipped>
</testcase>
<testcase name="Performance Benchmarks › Search Performance Benchmarks @performance @search › should perform search operations within time limits" classname="performance\benchmark.spec.js" time="0">
<skipped>
</skipped>
</testcase>
<testcase name="Performance Benchmarks › Search Performance Benchmarks @performance @search › should handle large result sets efficiently" classname="performance\benchmark.spec.js" time="0">
<skipped>
</skipped>
</testcase>
<testcase name="Performance Benchmarks › Memory Usage Benchmarks @performance @memory › should maintain reasonable memory usage" classname="performance\benchmark.spec.js" time="0">
<skipped>
</skipped>
</testcase>
<testcase name="Performance Benchmarks › Network Performance Benchmarks @performance @network › should minimize network requests" classname="performance\benchmark.spec.js" time="0">
<skipped>
</skipped>
</testcase>
<testcase name="Performance Benchmarks › Network Performance Benchmarks @performance @network › should have efficient resource loading" classname="performance\benchmark.spec.js" time="0">
<skipped>
</skipped>
</testcase>
<testcase name="Performance Benchmarks › Rendering Performance Benchmarks @performance @rendering › should have smooth animations and transitions" classname="performance\benchmark.spec.js" time="0">
<skipped>
</skipped>
</testcase>
<testcase name="Performance Benchmarks › Rendering Performance Benchmarks @performance @rendering › should handle DOM manipulation efficiently" classname="performance\benchmark.spec.js" time="0">
<skipped>
</skipped>
</testcase>
</testsuite>
<testsuite name="performance\load-testing.spec.js" timestamp="2025-09-12T10:51:58.299Z" hostname="chromium" tests="6" failures="0" skipped="6" time="0" errors="0">
<testcase name="Load Testing Suite › Concurrent User Load Tests @performance @load @concurrent › should handle 10 concurrent users performing searches" classname="performance\load-testing.spec.js" time="0">
<skipped>
</skipped>
</testcase>
<testcase name="Load Testing Suite › Concurrent User Load Tests @performance @load @concurrent › should handle burst traffic patterns" classname="performance\load-testing.spec.js" time="0">
<skipped>
</skipped>
</testcase>
<testcase name="Load Testing Suite › Concurrent User Load Tests @performance @load @concurrent › should maintain performance with sustained load" classname="performance\load-testing.spec.js" time="0">
<skipped>
</skipped>
</testcase>
<testcase name="Load Testing Suite › Resource Stress Tests @performance @stress @resources › should handle high-frequency API requests" classname="performance\load-testing.spec.js" time="0">
<skipped>
</skipped>
</testcase>
<testcase name="Load Testing Suite › Resource Stress Tests @performance @stress @resources › should handle memory-intensive operations" classname="performance\load-testing.spec.js" time="0">
<skipped>
</skipped>
</testcase>
<testcase name="Load Testing Suite › Resource Stress Tests @performance @stress @resources › should handle CPU-intensive operations" classname="performance\load-testing.spec.js" time="0">
<skipped>
</skipped>
</testcase>
</testsuite>
<testsuite name="performance\page-performance.spec.js" timestamp="2025-09-12T10:51:58.299Z" hostname="chromium" tests="14" failures="0" skipped="14" time="0" errors="0">
<testcase name="Page Performance Tests › Page Load Performance @performance @load › should load main pages within acceptable time limits" classname="performance\page-performance.spec.js" time="0">
<skipped>
</skipped>
</testcase>
<testcase name="Page Performance Tests › Page Load Performance @performance @load › should handle slow network conditions gracefully" classname="performance\page-performance.spec.js" time="0">
<skipped>
</skipped>
</testcase>
<testcase name="Page Performance Tests › Page Load Performance @performance @load › should optimize resource loading" classname="performance\page-performance.spec.js" time="0">
<skipped>
</skipped>
</testcase>
<testcase name="Page Performance Tests › Page Load Performance @performance @load › should cache resources effectively" classname="performance\page-performance.spec.js" time="0">
<skipped>
</skipped>
</testcase>
<testcase name="Page Performance Tests › Search Performance @performance @search › should perform searches within acceptable time limits" classname="performance\page-performance.spec.js" time="0">
<skipped>
</skipped>
</testcase>
<testcase name="Page Performance Tests › Search Performance @performance @search › should handle large result sets efficiently" classname="performance\page-performance.spec.js" time="0">
<skipped>
</skipped>
</testcase>
<testcase name="Page Performance Tests › Search Performance @performance @search › should maintain performance with complex search filters" classname="performance\page-performance.spec.js" time="0">
<skipped>
</skipped>
</testcase>
<testcase name="Page Performance Tests › Search Performance @performance @search › should handle concurrent searches efficiently" classname="performance\page-performance.spec.js" time="0">
<skipped>
</skipped>
</testcase>
<testcase name="Page Performance Tests › UI Responsiveness @performance @ui › should respond to user interactions quickly" classname="performance\page-performance.spec.js" time="0">
<skipped>
</skipped>
</testcase>
<testcase name="Page Performance Tests › UI Responsiveness @performance @ui › should handle rapid user interactions" classname="performance\page-performance.spec.js" time="0">
<skipped>
</skipped>
</testcase>
<testcase name="Page Performance Tests › UI Responsiveness @performance @ui › should maintain performance during result rendering" classname="performance\page-performance.spec.js" time="0">
<skipped>
</skipped>
</testcase>
<testcase name="Page Performance Tests › UI Responsiveness @performance @ui › should handle scroll performance efficiently" classname="performance\page-performance.spec.js" time="0">
<skipped>
</skipped>
</testcase>
<testcase name="Page Performance Tests › Memory Performance @performance @memory › should manage memory efficiently during extended use" classname="performance\page-performance.spec.js" time="0">
<skipped>
</skipped>
</testcase>
<testcase name="Page Performance Tests › Memory Performance @performance @memory › should handle memory pressure gracefully" classname="performance\page-performance.spec.js" time="0">
<skipped>
</skipped>
</testcase>
</testsuite>
<testsuite name="performance\stress-testing.spec.js" timestamp="2025-09-12T10:51:58.299Z" hostname="chromium" tests="5" failures="0" skipped="5" time="0" errors="0">
<testcase name="Stress Testing Suite › High Concurrency Stress Tests @performance @stress @high-load › should handle 25 concurrent users with sustained load" classname="performance\stress-testing.spec.js" time="0">
<skipped>
</skipped>
</testcase>
<testcase name="Stress Testing Suite › High Concurrency Stress Tests @performance @stress @high-load › should handle rapid authentication requests" classname="performance\stress-testing.spec.js" time="0">
<skipped>
</skipped>
</testcase>
<testcase name="Stress Testing Suite › Memory Stress Tests @performance @stress @memory › should handle memory-intensive operations" classname="performance\stress-testing.spec.js" time="0">
<skipped>
</skipped>
</testcase>
<testcase name="Stress Testing Suite › Network Stress Tests @performance @stress @network › should handle rapid API requests" classname="performance\stress-testing.spec.js" time="0">
<skipped>
</skipped>
</testcase>
<testcase name="Stress Testing Suite › UI Stress Tests @performance @stress @ui › should handle rapid UI interactions" classname="performance\stress-testing.spec.js" time="0">
<skipped>
</skipped>
</testcase>
</testsuite>
<testsuite name="responsive\mobile-responsive.spec.js" timestamp="2025-09-12T10:51:58.299Z" hostname="chromium" tests="28" failures="0" skipped="28" time="0" errors="0">
<testcase name="Mobile Responsive Tests › iPhone 12 Tests @responsive @mobile › should display properly on iPhone 12" classname="responsive\mobile-responsive.spec.js" time="0">
<skipped>
</skipped>
</testcase>
<testcase name="Mobile Responsive Tests › iPhone 12 Tests @responsive @mobile › should handle touch interactions on iPhone 12" classname="responsive\mobile-responsive.spec.js" time="0">
<skipped>
</skipped>
</testcase>
<testcase name="Mobile Responsive Tests › iPhone 12 Tests @responsive @mobile › should adapt search interface for iPhone 12" classname="responsive\mobile-responsive.spec.js" time="0">
<skipped>
</skipped>
</testcase>
<testcase name="Mobile Responsive Tests › iPhone 12 Tests @responsive @mobile › should handle mobile navigation on iPhone 12" classname="responsive\mobile-responsive.spec.js" time="0">
<skipped>
</skipped>
</testcase>
<testcase name="Mobile Responsive Tests › iPhone 12 Tests @responsive @mobile › should optimize performance on iPhone 12" classname="responsive\mobile-responsive.spec.js" time="0">
<skipped>
</skipped>
</testcase>
<testcase name="Mobile Responsive Tests › iPhone 12 Pro Tests @responsive @mobile › should display properly on iPhone 12 Pro" classname="responsive\mobile-responsive.spec.js" time="0">
<skipped>
</skipped>
</testcase>
<testcase name="Mobile Responsive Tests › iPhone 12 Pro Tests @responsive @mobile › should handle touch interactions on iPhone 12 Pro" classname="responsive\mobile-responsive.spec.js" time="0">
<skipped>
</skipped>
</testcase>
<testcase name="Mobile Responsive Tests › iPhone 12 Pro Tests @responsive @mobile › should adapt search interface for iPhone 12 Pro" classname="responsive\mobile-responsive.spec.js" time="0">
<skipped>
</skipped>
</testcase>
<testcase name="Mobile Responsive Tests › iPhone 12 Pro Tests @responsive @mobile › should handle mobile navigation on iPhone 12 Pro" classname="responsive\mobile-responsive.spec.js" time="0">
<skipped>
</skipped>
</testcase>
<testcase name="Mobile Responsive Tests › iPhone 12 Pro Tests @responsive @mobile › should optimize performance on iPhone 12 Pro" classname="responsive\mobile-responsive.spec.js" time="0">
<skipped>
</skipped>
</testcase>
<testcase name="Mobile Responsive Tests › Pixel 5 Tests @responsive @mobile › should display properly on Pixel 5" classname="responsive\mobile-responsive.spec.js" time="0">
<skipped>
</skipped>
</testcase>
<testcase name="Mobile Responsive Tests › Pixel 5 Tests @responsive @mobile › should handle touch interactions on Pixel 5" classname="responsive\mobile-responsive.spec.js" time="0">
<skipped>
</skipped>
</testcase>
<testcase name="Mobile Responsive Tests › Pixel 5 Tests @responsive @mobile › should adapt search interface for Pixel 5" classname="responsive\mobile-responsive.spec.js" time="0">
<skipped>
</skipped>
</testcase>
<testcase name="Mobile Responsive Tests › Pixel 5 Tests @responsive @mobile › should handle mobile navigation on Pixel 5" classname="responsive\mobile-responsive.spec.js" time="0">
<skipped>
</skipped>
</testcase>
<testcase name="Mobile Responsive Tests › Pixel 5 Tests @responsive @mobile › should optimize performance on Pixel 5" classname="responsive\mobile-responsive.spec.js" time="0">
<skipped>
</skipped>
</testcase>
<testcase name="Mobile Responsive Tests › Responsive Breakpoints @responsive @breakpoints › should adapt layout at Mobile Small (320x568)" classname="responsive\mobile-responsive.spec.js" time="0">
<skipped>
</skipped>
</testcase>
<testcase name="Mobile Responsive Tests › Responsive Breakpoints @responsive @breakpoints › should adapt layout at Mobile Medium (375x667)" classname="responsive\mobile-responsive.spec.js" time="0">
<skipped>
</skipped>
</testcase>
<testcase name="Mobile Responsive Tests › Responsive Breakpoints @responsive @breakpoints › should adapt layout at Mobile Large (414x896)" classname="responsive\mobile-responsive.spec.js" time="0">
<skipped>
</skipped>
</testcase>
<testcase name="Mobile Responsive Tests › Responsive Breakpoints @responsive @breakpoints › should adapt layout at Tablet Portrait (768x1024)" classname="responsive\mobile-responsive.spec.js" time="0">
<skipped>
</skipped>
</testcase>
<testcase name="Mobile Responsive Tests › Responsive Breakpoints @responsive @breakpoints › should adapt layout at Tablet Landscape (1024x768)" classname="responsive\mobile-responsive.spec.js" time="0">
<skipped>
</skipped>
</testcase>
<testcase name="Mobile Responsive Tests › Responsive Breakpoints @responsive @breakpoints › should adapt layout at Desktop Small (1280x720)" classname="responsive\mobile-responsive.spec.js" time="0">
<skipped>
</skipped>
</testcase>
<testcase name="Mobile Responsive Tests › Responsive Breakpoints @responsive @breakpoints › should adapt layout at Desktop Large (1920x1080)" classname="responsive\mobile-responsive.spec.js" time="0">
<skipped>
</skipped>
</testcase>
<testcase name="Mobile Responsive Tests › Touch and Gesture Support @responsive @touch › should support pinch-to-zoom on mobile" classname="responsive\mobile-responsive.spec.js" time="0">
<skipped>
</skipped>
</testcase>
<testcase name="Mobile Responsive Tests › Touch and Gesture Support @responsive @touch › should handle swipe gestures for navigation" classname="responsive\mobile-responsive.spec.js" time="0">
<skipped>
</skipped>
</testcase>
<testcase name="Mobile Responsive Tests › Touch and Gesture Support @responsive @touch › should provide adequate touch targets" classname="responsive\mobile-responsive.spec.js" time="0">
<skipped>
</skipped>
</testcase>
<testcase name="Mobile Responsive Tests › Touch and Gesture Support @responsive @touch › should handle long press gestures" classname="responsive\mobile-responsive.spec.js" time="0">
<skipped>
</skipped>
</testcase>
<testcase name="Mobile Responsive Tests › Orientation Changes @responsive @orientation › should handle portrait to landscape orientation change" classname="responsive\mobile-responsive.spec.js" time="0">
<skipped>
</skipped>
</testcase>
<testcase name="Mobile Responsive Tests › Orientation Changes @responsive @orientation › should maintain functionality across orientation changes" classname="responsive\mobile-responsive.spec.js" time="0">
<skipped>
</skipped>
</testcase>
</testsuite>
<testsuite name="responsive\screen-sizes.spec.js" timestamp="2025-09-12T10:51:58.299Z" hostname="chromium" tests="21" failures="0" skipped="21" time="0" errors="0">
<testcase name="Screen Size Responsiveness Tests › Ultra-wide and Large Displays @responsive @ultrawide › should optimize layout for 4K Monitor (3840x2160)" classname="responsive\screen-sizes.spec.js" time="0">
<skipped>
</skipped>
</testcase>
<testcase name="Screen Size Responsiveness Tests › Ultra-wide and Large Displays @responsive @ultrawide › should optimize layout for Ultra-wide 21:9 (2560x1080)" classname="responsive\screen-sizes.spec.js" time="0">
<skipped>
</skipped>
</testcase>
<testcase name="Screen Size Responsiveness Tests › Ultra-wide and Large Displays @responsive @ultrawide › should optimize layout for Ultra-wide 32:9 (3440x1440)" classname="responsive\screen-sizes.spec.js" time="0">
<skipped>
</skipped>
</testcase>
<testcase name="Screen Size Responsiveness Tests › Ultra-wide and Large Displays @responsive @ultrawide › should optimize layout for Large Desktop (2560x1440)" classname="responsive\screen-sizes.spec.js" time="0">
<skipped>
</skipped>
</testcase>
<testcase name="Screen Size Responsiveness Tests › Ultra-wide and Large Displays @responsive @ultrawide › should optimize layout for Standard 4K (1920x1080)" classname="responsive\screen-sizes.spec.js" time="0">
<skipped>
</skipped>
</testcase>
<testcase name="Screen Size Responsiveness Tests › Ultra-wide and Large Displays @responsive @ultrawide › should handle window resizing gracefully" classname="responsive\screen-sizes.spec.js" time="0">
<skipped>
</skipped>
</testcase>
<testcase name="Screen Size Responsiveness Tests › Small and Constrained Displays @responsive @small › should adapt to Netbook (1024x600)" classname="responsive\screen-sizes.spec.js" time="0">
<skipped>
</skipped>
</testcase>
<testcase name="Screen Size Responsiveness Tests › Small and Constrained Displays @responsive @small › should adapt to Small Laptop (1366x768)" classname="responsive\screen-sizes.spec.js" time="0">
<skipped>
</skipped>
</testcase>
<testcase name="Screen Size Responsiveness Tests › Small and Constrained Displays @responsive @small › should adapt to Old Monitor (1024x768)" classname="responsive\screen-sizes.spec.js" time="0">
<skipped>
</skipped>
</testcase>
<testcase name="Screen Size Responsiveness Tests › Small and Constrained Displays @responsive @small › should adapt to Compact Display (1280x720)" classname="responsive\screen-sizes.spec.js" time="0">
<skipped>
</skipped>
</testcase>
<testcase name="Screen Size Responsiveness Tests › Small and Constrained Displays @responsive @small › should adapt to Square Display (1024x1024)" classname="responsive\screen-sizes.spec.js" time="0">
<skipped>
</skipped>
</testcase>
<testcase name="Screen Size Responsiveness Tests › Small and Constrained Displays @responsive @small › should handle vertical space constraints" classname="responsive\screen-sizes.spec.js" time="0">
<skipped>
</skipped>
</testcase>
<testcase name="Screen Size Responsiveness Tests › Aspect Ratio Adaptations @responsive @aspect-ratio › should adapt to Ultra-wide 32:9 aspect ratio" classname="responsive\screen-sizes.spec.js" time="0">
<skipped>
</skipped>
</testcase>
<testcase name="Screen Size Responsiveness Tests › Aspect Ratio Adaptations @responsive @aspect-ratio › should adapt to Cinema 21:9 aspect ratio" classname="responsive\screen-sizes.spec.js" time="0">
<skipped>
</skipped>
</testcase>
<testcase name="Screen Size Responsiveness Tests › Aspect Ratio Adaptations @responsive @aspect-ratio › should adapt to Standard 16:9 aspect ratio" classname="responsive\screen-sizes.spec.js" time="0">
<skipped>
</skipped>
</testcase>
<testcase name="Screen Size Responsiveness Tests › Aspect Ratio Adaptations @responsive @aspect-ratio › should adapt to Traditional 4:3 aspect ratio" classname="responsive\screen-sizes.spec.js" time="0">
<skipped>
</skipped>
</testcase>
<testcase name="Screen Size Responsiveness Tests › Aspect Ratio Adaptations @responsive @aspect-ratio › should adapt to Square 1:1 aspect ratio" classname="responsive\screen-sizes.spec.js" time="0">
<skipped>
</skipped>
</testcase>
<testcase name="Screen Size Responsiveness Tests › Aspect Ratio Adaptations @responsive @aspect-ratio › should adapt to Portrait 9:16 aspect ratio" classname="responsive\screen-sizes.spec.js" time="0">
<skipped>
</skipped>
</testcase>
<testcase name="Screen Size Responsiveness Tests › Dynamic Content Adaptation @responsive @dynamic › should adapt to content changes at different screen sizes" classname="responsive\screen-sizes.spec.js" time="0">
<skipped>
</skipped>
</testcase>
<testcase name="Screen Size Responsiveness Tests › Dynamic Content Adaptation @responsive @dynamic › should handle loading states responsively" classname="responsive\screen-sizes.spec.js" time="0">
<skipped>
</skipped>
</testcase>
<testcase name="Screen Size Responsiveness Tests › Dynamic Content Adaptation @responsive @dynamic › should maintain responsive behavior during interactions" classname="responsive\screen-sizes.spec.js" time="0">
<skipped>
</skipped>
</testcase>
</testsuite>
<testsuite name="visual\visual-regression.spec.js" timestamp="2025-09-12T10:51:58.299Z" hostname="chromium" tests="14" failures="0" skipped="14" time="0" errors="0">
<testcase name="Visual Regression Tests › Homepage Visual Tests @visual @homepage › should match homepage layout" classname="visual\visual-regression.spec.js" time="0">
<skipped>
</skipped>
</testcase>
<testcase name="Visual Regression Tests › Homepage Visual Tests @visual @homepage › should match navigation layout" classname="visual\visual-regression.spec.js" time="0">
<skipped>
</skipped>
</testcase>
<testcase name="Visual Regression Tests › Authentication Visual Tests @visual @auth › should match login modal layout" classname="visual\visual-regression.spec.js" time="0">
<skipped>
</skipped>
</testcase>
<testcase name="Visual Regression Tests › Authentication Visual Tests @visual @auth › should match registration modal layout" classname="visual\visual-regression.spec.js" time="0">
<skipped>
</skipped>
</testcase>
<testcase name="Visual Regression Tests › Authentication Visual Tests @visual @auth › should match authenticated user interface" classname="visual\visual-regression.spec.js" time="0">
<skipped>
</skipped>
</testcase>
<testcase name="Visual Regression Tests › Search Interface Visual Tests @visual @search › should match search form layout" classname="visual\visual-regression.spec.js" time="0">
<skipped>
</skipped>
</testcase>
<testcase name="Visual Regression Tests › Search Interface Visual Tests @visual @search › should match search tabs layout" classname="visual\visual-regression.spec.js" time="0">
<skipped>
</skipped>
</testcase>
<testcase name="Visual Regression Tests › Search Interface Visual Tests @visual @search › should match empty results state" classname="visual\visual-regression.spec.js" time="0">
<skipped>
</skipped>
</testcase>
<testcase name="Visual Regression Tests › Export Modal Visual Tests @visual @export › should match export modal layout" classname="visual\visual-regression.spec.js" time="0">
<skipped>
</skipped>
</testcase>
<testcase name="Visual Regression Tests › Responsive Visual Tests @visual @responsive › should match mobile layout" classname="visual\visual-regression.spec.js" time="0">
<skipped>
</skipped>
</testcase>
<testcase name="Visual Regression Tests › Responsive Visual Tests @visual @responsive › should match tablet layout" classname="visual\visual-regression.spec.js" time="0">
<skipped>
</skipped>
</testcase>
<testcase name="Visual Regression Tests › Responsive Visual Tests @visual @responsive › should match mobile navigation menu" classname="visual\visual-regression.spec.js" time="0">
<skipped>
</skipped>
</testcase>
<testcase name="Visual Regression Tests › Error States Visual Tests @visual @errors › should match form validation errors" classname="visual\visual-regression.spec.js" time="0">
<skipped>
</skipped>
</testcase>
<testcase name="Visual Regression Tests › Dark Mode Visual Tests @visual @darkmode › should match dark mode layout" classname="visual\visual-regression.spec.js" time="0">
<skipped>
</skipped>
</testcase>
</testsuite>
<testsuite name="websocket\websocket-realtime.spec.js" timestamp="2025-09-12T10:51:58.299Z" hostname="chromium" tests="30" failures="0" skipped="30" time="0" errors="0">
<testcase name="WebSocket Real-time Tests › WebSocket Connection Management @websocket @connection › should establish WebSocket connection successfully" classname="websocket\websocket-realtime.spec.js" time="0">
<skipped>
</skipped>
</testcase>
<testcase name="WebSocket Real-time Tests › WebSocket Connection Management @websocket @connection › should handle connection failures gracefully" classname="websocket\websocket-realtime.spec.js" time="0">
<skipped>
</skipped>
</testcase>
<testcase name="WebSocket Real-time Tests › WebSocket Connection Management @websocket @connection › should reconnect automatically after disconnection" classname="websocket\websocket-realtime.spec.js" time="0">
<skipped>
</skipped>
</testcase>
<testcase name="WebSocket Real-time Tests › WebSocket Connection Management @websocket @connection › should handle multiple concurrent connections" classname="websocket\websocket-realtime.spec.js" time="0">
<skipped>
</skipped>
</testcase>
<testcase name="WebSocket Real-time Tests › WebSocket Connection Management @websocket @connection › should maintain connection during page navigation" classname="websocket\websocket-realtime.spec.js" time="0">
<skipped>
</skipped>
</testcase>
<testcase name="WebSocket Real-time Tests › Real-time Search Progress @websocket @search @realtime › should receive progress updates during search" classname="websocket\websocket-realtime.spec.js" time="0">
<skipped>
</skipped>
</testcase>
<testcase name="WebSocket Real-time Tests › Real-time Search Progress @websocket @search @realtime › should receive real-time search results" classname="websocket\websocket-realtime.spec.js" time="0">
<skipped>
</skipped>
</testcase>
<testcase name="WebSocket Real-time Tests › Real-time Search Progress @websocket @search @realtime › should receive search completion notification" classname="websocket\websocket-realtime.spec.js" time="0">
<skipped>
</skipped>
</testcase>
<testcase name="WebSocket Real-time Tests › Real-time Search Progress @websocket @search @realtime › should handle search errors via WebSocket" classname="websocket\websocket-realtime.spec.js" time="0">
<skipped>
</skipped>
</testcase>
<testcase name="WebSocket Real-time Tests › WebSocket Message Handling @websocket @messages › should handle ping/pong messages correctly" classname="websocket\websocket-realtime.spec.js" time="0">
<skipped>
</skipped>
</testcase>
<testcase name="WebSocket Real-time Tests › WebSocket Message Handling @websocket @messages › should handle subscription/unsubscription correctly" classname="websocket\websocket-realtime.spec.js" time="0">
<skipped>
</skipped>
</testcase>
<testcase name="WebSocket Real-time Tests › WebSocket Message Handling @websocket @messages › should handle malformed messages gracefully" classname="websocket\websocket-realtime.spec.js" time="0">
<skipped>
</skipped>
</testcase>
<testcase name="WebSocket Real-time Tests › WebSocket Message Handling @websocket @messages › should handle large message payloads" classname="websocket\websocket-realtime.spec.js" time="0">
<skipped>
</skipped>
</testcase>
<testcase name="WebSocket Real-time Tests › WebSocket Performance @websocket @performance › should handle high-frequency updates efficiently" classname="websocket\websocket-realtime.spec.js" time="0">
<skipped>
</skipped>
</testcase>
<testcase name="WebSocket Real-time Tests › WebSocket Performance @websocket @performance › should maintain connection stability under load" classname="websocket\websocket-realtime.spec.js" time="0">
<skipped>
</skipped>
</testcase>
<testcase name="WebSocket Real-time Tests › WebSocket Performance @websocket @performance › should handle connection timeouts appropriately" classname="websocket\websocket-realtime.spec.js" time="0">
<skipped>
</skipped>
</testcase>
<testcase name="WebSocket Real-time Tests › WebSocket Error Scenarios @websocket @error › should handle server-side WebSocket errors" classname="websocket\websocket-realtime.spec.js" time="0">
<skipped>
</skipped>
</testcase>
<testcase name="WebSocket Real-time Tests › WebSocket Error Scenarios @websocket @error › should handle network interruptions" classname="websocket\websocket-realtime.spec.js" time="0">
<skipped>
</skipped>
</testcase>
<testcase name="WebSocket Real-time Tests › WebSocket Error Scenarios @websocket @error › should handle WebSocket protocol errors" classname="websocket\websocket-realtime.spec.js" time="0">
<skipped>
</skipped>
</testcase>
<testcase name="WebSocket Real-time Tests › WebSocket Error Scenarios @websocket @error › should handle browser tab visibility changes" classname="websocket\websocket-realtime.spec.js" time="0">
<skipped>
</skipped>
</testcase>
<testcase name="WebSocket Real-time Tests › WebSocket Error Scenarios @websocket @error › should handle memory pressure scenarios" classname="websocket\websocket-realtime.spec.js" time="0">
<skipped>
</skipped>
</testcase>
<testcase name="WebSocket Real-time Tests › WebSocket Integration Tests @websocket @integration › should integrate with search UI updates" classname="websocket\websocket-realtime.spec.js" time="0">
<skipped>
</skipped>
</testcase>
<testcase name="WebSocket Real-time Tests › WebSocket Integration Tests @websocket @integration › should handle multiple search sessions simultaneously" classname="websocket\websocket-realtime.spec.js" time="0">
<skipped>
</skipped>
</testcase>
<testcase name="WebSocket Real-time Tests › WebSocket Integration Tests @websocket @integration › should maintain WebSocket connection during page transitions" classname="websocket\websocket-realtime.spec.js" time="0">
<skipped>
</skipped>
</testcase>
<testcase name="WebSocket Real-time Tests › WebSocket Integration Tests @websocket @integration › should handle authentication state changes" classname="websocket\websocket-realtime.spec.js" time="0">
<skipped>
</skipped>
</testcase>
<testcase name="WebSocket Real-time Tests › WebSocket Integration Tests @websocket @integration › should synchronize with export functionality" classname="websocket\websocket-realtime.spec.js" time="0">
<skipped>
</skipped>
</testcase>
[...]
<skipped>
</skipped>
</testcase>
<testcase name="WebSocket Real-time Tests › WebSocket Security Tests @websocket @security › should handle WebSocket rate limiting" classname="websocket\websocket-realtime.spec.js" time="0">
<skipped>
</skipped>
</testcase>
</testsuite>
<testsuite name="websocket\websocket-stress.spec.js" timestamp="2025-09-12T10:51:58.299Z" hostname="High DPI" tests="10" failures="0" skipped="10" time="0" errors="0">
<testcase name="WebSocket Stress Tests › High Volume Message Testing @websocket @stress @performance › should handle rapid message bursts" classname="websocket\websocket-stress.spec.js" time="0">
<skipped>
</skipped>
</testcase>
<testcase name="WebSocket Stress Tests › High Volume Message Testing @websocket @stress @performance › should maintain performance with sustained load" classname="websocket\websocket-stress.spec.js" time="0">
<skipped>
</skipped>
</testcase>
<testcase name="WebSocket Stress Tests › High Volume Message Testing @websocket @stress @performance › should handle large payload messages" classname="websocket\websocket-stress.spec.js" time="0">
<skipped>
</skipped>
</testcase>
<testcase name="WebSocket Stress Tests › Connection Stability Under Stress @websocket @stress @stability › should maintain connection during CPU stress" classname="websocket\websocket-stress.spec.js" time="0">
<skipped>
</skipped>
</testcase>
<testcase name="WebSocket Stress Tests › Connection Stability Under Stress @websocket @stress @stability › should handle memory pressure gracefully" classname="websocket\websocket-stress.spec.js" time="0">
<skipped>
</skipped>
</testcase>
<testcase name="WebSocket Stress Tests › Connection Stability Under Stress @websocket @stress @stability › should recover from temporary network issues" classname="websocket\websocket-stress.spec.js" time="0">
<skipped>
</skipped>
</testcase>
<testcase name="WebSocket Stress Tests › Concurrent User Stress Testing @websocket @stress @concurrent › should handle multiple concurrent WebSocket connections" classname="websocket\websocket-stress.spec.js" time="0">
<skipped>
</skipped>
</testcase>
<testcase name="WebSocket Stress Tests › Concurrent User Stress Testing @websocket @stress @concurrent › should handle concurrent search operations" classname="websocket\websocket-stress.spec.js" time="0">
<skipped>
</skipped>
</testcase>
<testcase name="WebSocket Stress Tests › Resource Exhaustion Testing @websocket @stress @resources › should handle WebSocket connection limits" classname="websocket\websocket-stress.spec.js" time="0">
<skipped>
</skipped>
</testcase>
<testcase name="WebSocket Stress Tests › Resource Exhaustion Testing @websocket @stress @resources › should handle message queue overflow" classname="websocket\websocket-stress.spec.js" time="0">
<skipped>
</skipped>
</testcase>
</testsuite>
<testsuite name="accessibility\form-accessibility.spec.js" timestamp="2025-09-12T10:51:58.299Z" hostname="accessibility" tests="14" failures="0" skipped="14" time="0" errors="0">
<testcase name="Form Accessibility Tests › Registration Form Accessibility @accessibility @forms @registration › should have accessible registration form" classname="accessibility\form-accessibility.spec.js" time="0">
<skipped>
</skipped>
</testcase>
<testcase name="Form Accessibility Tests › Registration Form Accessibility @accessibility @forms @registration › should provide accessible form validation" classname="accessibility\form-accessibility.spec.js" time="0">
<skipped>
</skipped>
</testcase>
<testcase name="Form Accessibility Tests › Registration Form Accessibility @accessibility @forms @registration › should support keyboard navigation in registration form" classname="accessibility\form-accessibility.spec.js" time="0">
<skipped>
</skipped>
</testcase>
<testcase name="Form Accessibility Tests › Registration Form Accessibility @accessibility @forms @registration › should provide helpful form instructions" classname="accessibility\form-accessibility.spec.js" time="0">
<skipped>
</skipped>
</testcase>
<testcase name="Form Accessibility Tests › Login Form Accessibility @accessibility @forms @login › should have accessible login form" classname="accessibility\form-accessibility.spec.js" time="0">
<skipped>
</skipped>
</testcase>
<testcase name="Form Accessibility Tests › Login Form Accessibility @accessibility @forms @login › should handle login errors accessibly" classname="accessibility\form-accessibility.spec.js" time="0">
<skipped>
</skipped>
</testcase>
<testcase name="Form Accessibility Tests › Login Form Accessibility @accessibility @forms @login › should support password visibility toggle" classname="accessibility\form-accessibility.spec.js" time="0">
<skipped>
</skipped>
</testcase>
<testcase name="Form Accessibility Tests › Search Form Accessibility @accessibility @forms @search › should have accessible search form" classname="accessibility\form-accessibility.spec.js" time="0">
<skipped>
</skipped>
</testcase>
<testcase name="Form Accessibility Tests › Search Form Accessibility @accessibility @forms @search › should have accessible advanced search form" classname="accessibility\form-accessibility.spec.js" time="0">
<skipped>
</skipped>
</testcase>
<testcase name="Form Accessibility Tests › Search Form Accessibility @accessibility @forms @search › should provide accessible search suggestions" classname="accessibility\form-accessibility.spec.js" time="0">
<skipped>
</skipped>
</testcase>
<testcase name="Form Accessibility Tests › Search Form Accessibility @accessibility @forms @search › should handle search form validation accessibly" classname="accessibility\form-accessibility.spec.js" time="0">
<skipped>
</skipped>
</testcase>
<testcase name="Form Accessibility Tests › Form Error Recovery @accessibility @forms @errors › should provide clear error recovery instructions" classname="accessibility\form-accessibility.spec.js" time="0">
<skipped>
</skipped>
</testcase>
<testcase name="Form Accessibility Tests › Form Error Recovery @accessibility @forms @errors › should maintain form data during error correction" classname="accessibility\form-accessibility.spec.js" time="0">
<skipped>
</skipped>
</testcase>
<testcase name="Form Accessibility Tests › Form Error Recovery @accessibility @forms @errors › should clear errors when corrected" classname="accessibility\form-accessibility.spec.js" time="0">
<skipped>
</skipped>
</testcase>
</testsuite>
<testsuite name="accessibility\wcag-compliance.spec.js" timestamp="2025-09-12T10:51:58.299Z" hostname="accessibility" tests="21" failures="0" skipped="21" time="0" errors="0">
<testcase name="WCAG Compliance Tests › Automated Accessibility Testing @accessibility @axe › should pass axe accessibility tests on main pages" classname="accessibility\wcag-compliance.spec.js" time="0">
<skipped>
</skipped>
</testcase>
<testcase name="WCAG Compliance Tests › Automated Accessibility Testing @accessibility @axe › should pass axe tests on search results page" classname="accessibility\wcag-compliance.spec.js" time="0">
<skipped>
</skipped>
</testcase>
<testcase name="WCAG Compliance Tests › Automated Accessibility Testing @accessibility @axe › should pass axe tests on forms and interactive elements" classname="accessibility\wcag-compliance.spec.js" time="0">
<skipped>
</skipped>
</testcase>
<testcase name="WCAG Compliance Tests › Automated Accessibility Testing @accessibility @axe › should pass axe tests with custom rules" classname="accessibility\wcag-compliance.spec.js" time="0">
<skipped>
</skipped>
</testcase>
<testcase name="WCAG Compliance Tests › Automated Accessibility Testing @accessibility @axe › should handle dynamic content accessibility" classname="accessibility\wcag-compliance.spec.js" time="0">
<skipped>
</skipped>
</testcase>
<testcase name="WCAG Compliance Tests › Keyboard Navigation Tests @accessibility @keyboard › should support full keyboard navigation" classname="accessibility\wcag-compliance.spec.js" time="0">
<skipped>
</skipped>
</testcase>
<testcase name="WCAG Compliance Tests › Keyboard Navigation Tests @accessibility @keyboard › should handle keyboard shortcuts correctly" classname="accessibility\wcag-compliance.spec.js" time="0">
<skipped>
</skipped>
</testcase>
<testcase name="WCAG Compliance Tests › Keyboard Navigation Tests @accessibility @keyboard › should provide proper focus management" classname="accessibility\wcag-compliance.spec.js" time="0">
<skipped>
</skipped>
</testcase>
<testcase name="WCAG Compliance Tests › Keyboard Navigation Tests @accessibility @keyboard › should handle modal keyboard navigation" classname="accessibility\wcag-compliance.spec.js" time="0">
<skipped>
</skipped>
</testcase>
<testcase name="WCAG Compliance Tests › Keyboard Navigation Tests @accessibility @keyboard › should support arrow key navigation in lists" classname="accessibility\wcag-compliance.spec.js" time="0">
<skipped>
</skipped>
</testcase>
<testcase name="WCAG Compliance Tests › Screen Reader Compatibility @accessibility @screenreader › should provide proper ARIA labels and descriptions" classname="accessibility\wcag-compliance.spec.js" time="0">
<skipped>
</skipped>
</testcase>
<testcase name="WCAG Compliance Tests › Screen Reader Compatibility @accessibility @screenreader › should provide proper heading structure" classname="accessibility\wcag-compliance.spec.js" time="0">
<skipped>
</skipped>
</testcase>
<testcase name="WCAG Compliance Tests › Screen Reader Compatibility @accessibility @screenreader › should provide proper form labels and descriptions" classname="accessibility\wcag-compliance.spec.js" time="0">
<skipped>
</skipped>
</testcase>
<testcase name="WCAG Compliance Tests › Screen Reader Compatibility @accessibility @screenreader › should announce dynamic content changes" classname="accessibility\wcag-compliance.spec.js" time="0">
<skipped>
</skipped>
</testcase>
<testcase name="WCAG Compliance Tests › Screen Reader Compatibility @accessibility @screenreader › should provide proper table accessibility" classname="accessibility\wcag-compliance.spec.js" time="0">
<skipped>
</skipped>
</testcase>
<testcase name="WCAG Compliance Tests › Color and Contrast Tests @accessibility @contrast › should meet WCAG color contrast requirements" classname="accessibility\wcag-compliance.spec.js" time="0">
<skipped>
</skipped>
</testcase>
<testcase name="WCAG Compliance Tests › Color and Contrast Tests @accessibility @contrast › should be usable without color alone" classname="accessibility\wcag-compliance.spec.js" time="0">
<skipped>
</skipped>
</testcase>
<testcase name="WCAG Compliance Tests › Color and Contrast Tests @accessibility @contrast › should support high contrast mode" classname="accessibility\wcag-compliance.spec.js" time="0">
<skipped>
</skipped>
</testcase>
<testcase name="WCAG Compliance Tests › Motion and Animation Accessibility @accessibility @motion › should respect reduced motion preferences" classname="accessibility\wcag-compliance.spec.js" time="0">
<skipped>
</skipped>
</testcase>
<testcase name="WCAG Compliance Tests › Motion and Animation Accessibility @accessibility @motion › should provide pause controls for auto-playing content" classname="accessibility\wcag-compliance.spec.js" time="0">
<skipped>
</skipped>
</testcase>
<testcase name="WCAG Compliance Tests › Motion and Animation Accessibility @accessibility @motion › should not trigger seizures with flashing content" classname="accessibility\wcag-compliance.spec.js" time="0">
<skipped>
</skipped>
</testcase>
</testsuite>
<testsuite name="performance\benchmark.spec.js" timestamp="2025-09-12T10:51:58.299Z" hostname="performance" tests="9" failures="0" skipped="9" time="0" errors="0">
<testcase name="Performance Benchmarks › Core Web Vitals @performance @vitals › should meet Core Web Vitals thresholds" classname="performance\benchmark.spec.js" time="0">
<skipped>
</skipped>
</testcase>
<testcase name="Performance Benchmarks › Core Web Vitals @performance @vitals › should have fast First Input Delay" classname="performance\benchmark.spec.js" time="0">
<skipped>
</skipped>
</testcase>
<testcase name="Performance Benchmarks › Search Performance Benchmarks @performance @search › should perform search operations within time limits" classname="performance\benchmark.spec.js" time="0">
<skipped>
</skipped>
</testcase>
<testcase name="Performance Benchmarks › Search Performance Benchmarks @performance @search › should handle large result sets efficiently" classname="performance\benchmark.spec.js" time="0">
<skipped>
</skipped>
</testcase>
<testcase name="Performance Benchmarks › Memory Usage Benchmarks @performance @memory › should maintain reasonable memory usage" classname="performance\benchmark.spec.js" time="0">
<skipped>
</skipped>
</testcase>
<testcase name="Performance Benchmarks › Network Performance Benchmarks @performance @network › should minimize network requests" classname="performance\benchmark.spec.js" time="0">
<skipped>
</skipped>
</testcase>
<testcase name="Performance Benchmarks › Network Performance Benchmarks @performance @network › should have efficient resource loading" classname="performance\benchmark.spec.js" time="0">
<skipped>
</skipped>
</testcase>
<testcase name="Performance Benchmarks › Rendering Performance Benchmarks @performance @rendering › should have smooth animations and transitions" classname="performance\benchmark.spec.js" time="0">
<skipped>
</skipped>
</testcase>
<testcase name="Performance Benchmarks › Rendering Performance Benchmarks @performance @rendering › should handle DOM manipulation efficiently" classname="performance\benchmark.spec.js" time="0">
<skipped>
</skipped>
</testcase>
</testsuite>
<testsuite name="performance\load-testing.spec.js" timestamp="2025-09-12T10:51:58.299Z" hostname="performance" tests="6" failures="0" skipped="6" time="0" errors="0">
<testcase name="Load Testing Suite › Concurrent User Load Tests @performance @load @concurrent › should handle 10 concurrent users performing searches" classname="performance\load-testing.spec.js" time="0">
<skipped>
</skipped>
</testcase>
<testcase name="Load Testing Suite › Concurrent User Load Tests @performance @load @concurrent › should handle burst traffic patterns" classname="performance\load-testing.spec.js" time="0">
<skipped>
</skipped>
</testcase>
<testcase name="Load Testing Suite › Concurrent User Load Tests @performance @load @concurrent › should maintain performance with sustained load" classname="performance\load-testing.spec.js" time="0">
<skipped>
</skipped>
</testcase>
<testcase name="Load Testing Suite › Resource Stress Tests @performance @stress @resources › should handle high-frequency API requests" classname="performance\load-testing.spec.js" time="0">
<skipped>
</skipped>
</testcase>
<testcase name="Load Testing Suite › Resource Stress Tests @performance @stress @resources › should handle memory-intensive operations" classname="performance\load-testing.spec.js" time="0">
<skipped>
</skipped>
</testcase>
<testcase name="Load Testing Suite › Resource Stress Tests @performance @stress @resources › should handle CPU-intensive operations" classname="performance\load-testing.spec.js" time="0">
<skipped>
</skipped>
</testcase>
</testsuite>
<testsuite name="performance\page-performance.spec.js" timestamp="2025-09-12T10:51:58.299Z" hostname="performance" tests="14" failures="0" skipped="14" time="0" errors="0">
<testcase name="Page Performance Tests › Page Load Performance @performance @load › should load main pages within acceptable time limits" classname="performance\page-performance.spec.js" time="0">
<skipped>
</skipped>
</testcase>
<testcase name="Page Performance Tests › Page Load Performance @performance @load › should handle slow network conditions gracefully" classname="performance\page-performance.spec.js" time="0">
<skipped>
</skipped>
</testcase>
<testcase name="Page Performance Tests › Page Load Performance @performance @load › should optimize resource loading" classname="performance\page-performance.spec.js" time="0">
<skipped>
</skipped>
</testcase>
<testcase name="Page Performance Tests › Page Load Performance @performance @load › should cache resources effectively" classname="performance\page-performance.spec.js" time="0">
<skipped>
</skipped>
</testcase>
<testcase name="Page Performance Tests › Search Performance @performance @search › should perform searches within acceptable time limits" classname="performance\page-performance.spec.js" time="0">
<skipped>
</skipped>
</testcase>
<testcase name="Page Performance Tests › Search Performance @performance @search › should handle large result sets efficiently" classname="performance\page-performance.spec.js" time="0">
<skipped>
</skipped>
</testcase>
<testcase name="Page Performance Tests › Search Performance @performance @search › should maintain performance with complex search filters" classname="performance\page-performance.spec.js" time="0">
<skipped>
</skipped>
</testcase>
<testcase name="Page Performance Tests › Search Performance @performance @search › should handle concurrent searches efficiently" classname="performance\page-performance.spec.js" time="0">
<skipped>
</skipped>
</testcase>
<testcase name="Page Performance Tests › UI Responsiveness @performance @ui › should respond to user interactions quickly" classname="performance\page-performance.spec.js" time="0">
<skipped>
</skipped>
</testcase>
<testcase name="Page Performance Tests › UI Responsiveness @performance @ui › should handle rapid user interactions" classname="performance\page-performance.spec.js" time="0">
<skipped>
</skipped>
</testcase>
<testcase name="Page Performance Tests › UI Responsiveness @performance @ui › should maintain performance during result rendering" classname="performance\page-performance.spec.js" time="0">
<skipped>
</skipped>
</testcase>
<testcase name="Page Performance Tests › UI Responsiveness @performance @ui › should handle scroll performance efficiently" classname="performance\page-performance.spec.js" time="0">
<skipped>
</skipped>
</testcase>
<testcase name="Page Performance Tests › Memory Performance @performance @memory › should manage memory efficiently during extended use" classname="performance\page-performance.spec.js" time="0">
<skipped>
</skipped>
</testcase>
<testcase name="Page Performance Tests › Memory Performance @performance @memory › should handle memory pressure gracefully" classname="performance\page-performance.spec.js" time="0">
<skipped>
</skipped>
</testcase>
</testsuite>
<testsuite name="performance\stress-testing.spec.js" timestamp="2025-09-12T10:51:58.299Z" hostname="performance" tests="5" failures="0" skipped="5" time="0" errors="0">
<testcase name="Stress Testing Suite › High Concurrency Stress Tests @performance @stress @high-load › should handle 25 concurrent users with sustained load" classname="performance\stress-testing.spec.js" time="0">
<skipped>
</skipped>
</testcase>
<testcase name="Stress Testing Suite › High Concurrency Stress Tests @performance @stress @high-load › should handle rapid authentication requests" classname="performance\stress-testing.spec.js" time="0">
<skipped>
</skipped>
</testcase>
<testcase name="Stress Testing Suite › Memory Stress Tests @performance @stress @memory › should handle memory-intensive operations" classname="performance\stress-testing.spec.js" time="0">
<skipped>
</skipped>
</testcase>
<testcase name="Stress Testing Suite › Network Stress Tests @performance @stress @network › should handle rapid API requests" classname="performance\stress-testing.spec.js" time="0">
<skipped>
</skipped>
</testcase>
<testcase name="Stress Testing Suite › UI Stress Tests @performance @stress @ui › should handle rapid UI interactions" classname="performance\stress-testing.spec.js" time="0">
<skipped>
</skipped>
</testcase>
</testsuite>
</testsuites>
